
======== GPU REPORT ========

==============NVSMI LOG==============

Timestamp                                 : Mon Apr 28 17:43:55 2025
Driver Version                            : 570.133.20
CUDA Version                              : 12.8

Attached GPUs                             : 1
GPU 00000000:B1:00.0
    Accounting Mode                       : Enabled
    Accounting Mode Buffer Size           : 4000
    Accounted Processes
        Process ID                        : 1489885
            GPU Utilization               : 95 %
            Memory Utilization            : 76 %
            Max memory usage              : 16226 MiB
            Time                          : 27752714 ms
            Is Running                    : 0

Mon Apr 28 17:43:55 2025       
+-----------------------------------------------------------------------------------------+
| NVIDIA-SMI 570.133.20             Driver Version: 570.133.20     CUDA Version: 12.8     |
|-----------------------------------------+------------------------+----------------------+
| GPU  Name                 Persistence-M | Bus-Id          Disp.A | Volatile Uncorr. ECC |
| Fan  Temp   Perf          Pwr:Usage/Cap |           Memory-Usage | GPU-Util  Compute M. |
|                                         |                        |               MIG M. |
|=========================================+========================+======================|
|   0  Quadro RTX 8000                On  |   00000000:B1:00.0 Off |                    0 |
| 33%   21C    P8             25W /  260W |       1MiB /  46080MiB |      0%      Default |
|                                         |                        |                  N/A |
+-----------------------------------------+------------------------+----------------------+
                                                                                         
+-----------------------------------------------------------------------------------------+
| Processes:                                                                              |
|  GPU   GI   CI              PID   Type   Process name                        GPU Memory |
|        ID   ID                                                               Usage      |
|=========================================================================================|
|  No running processes found                                                             |
+-----------------------------------------------------------------------------------------+
